2025-04-25 10:10:55,660 - crypto_bot - INFO - Initializing trading bot with config: configs/default.json
2025-04-25 10:10:55,660 - utils.config_loader - INFO - Configuration loaded successfully
2025-04-25 10:11:02,992 - data.collectors.market_data - ERROR - Exchange connection error: binance GET https://api.binance.com/sapi/v1/capital/config/getall?timestamp=1745550655668&recvWindow=10000&signature=1e9feba77ca51fc70e5ea49cc3794c7b093ccf4ac7c88390e37a30e2677b7b32
2025-04-25 10:11:03,003 - data.collectors.sentiment_data - INFO - Twitter API initialized successfully
2025-04-25 10:11:03,029 - data.collectors.sentiment_data - INFO - Reddit API initialized successfully
2025-04-25 10:11:03,029 - crypto_bot - INFO - Loading initial data...
2025-04-25 10:11:03,030 - data.collectors.market_data - INFO - Loading data for BTC/USDT (1h)
2025-04-25 10:11:03,037 - data.collectors.market_data - INFO - Attempt 1: Fetching data for BTC/USDT (1h)
2025-04-25 10:11:15,102 - data.collectors.market_data - WARNING - Attempt 1 failed: binance GET https://api.binance.com/api/v3/exchangeInfo
2025-04-25 10:11:15,102 - data.collectors.market_data - INFO - Waiting 5 seconds before retry...
2025-04-25 10:11:20,115 - data.collectors.market_data - INFO - Attempt 2: Fetching data for BTC/USDT (1h)
2025-04-25 10:11:32,141 - data.collectors.market_data - WARNING - Attempt 2 failed: binance GET https://api.binance.com/api/v3/exchangeInfo
2025-04-25 10:11:32,141 - data.collectors.market_data - INFO - Waiting 10 seconds before retry...
2025-04-25 10:11:42,148 - data.collectors.market_data - INFO - Attempt 3: Fetching data for BTC/USDT (1h)
2025-04-25 10:11:54,163 - data.collectors.market_data - WARNING - Attempt 3 failed: binance GET https://api.binance.com/api/v3/exchangeInfo
2025-04-25 10:11:54,163 - data.collectors.market_data - ERROR - All attempts failed for BTC/USDT (1h): binance GET https://api.binance.com/api/v3/exchangeInfo
2025-04-25 10:11:54,163 - data.collectors.market_data - WARNING - Using synthetic data for BTC/USDT (1h)
2025-04-25 10:11:54,169 - data.collectors.market_data - INFO - Loaded 501 candles for BTC/USDT (1h)
2025-04-25 10:11:54,170 - data.collectors.market_data - INFO - Loading data for BTC/USDT (4h)
2025-04-25 10:11:54,178 - data.collectors.market_data - INFO - Attempt 1: Fetching data for BTC/USDT (4h)
2025-04-25 10:12:06,203 - data.collectors.market_data - WARNING - Attempt 1 failed: binance GET https://api.binance.com/api/v3/exchangeInfo
2025-04-25 10:12:06,203 - data.collectors.market_data - INFO - Waiting 5 seconds before retry...
2025-04-25 10:12:11,215 - data.collectors.market_data - INFO - Attempt 2: Fetching data for BTC/USDT (4h)
2025-04-25 10:12:23,254 - data.collectors.market_data - WARNING - Attempt 2 failed: binance GET https://api.binance.com/api/v3/exchangeInfo
2025-04-25 10:12:23,254 - data.collectors.market_data - INFO - Waiting 10 seconds before retry...
2025-04-25 10:12:33,271 - data.collectors.market_data - INFO - Attempt 3: Fetching data for BTC/USDT (4h)
2025-04-25 10:12:33,510 - data.collectors.market_data - WARNING - Attempt 3 failed: binance GET https://api.binance.com/api/v3/exchangeInfo
2025-04-25 10:12:33,510 - data.collectors.market_data - ERROR - All attempts failed for BTC/USDT (4h): binance GET https://api.binance.com/api/v3/exchangeInfo
2025-04-25 10:12:33,510 - data.collectors.market_data - WARNING - Using synthetic data for BTC/USDT (4h)
2025-04-25 10:12:33,514 - data.collectors.market_data - INFO - Loaded 501 candles for BTC/USDT (4h)
2025-04-25 10:12:33,514 - data.collectors.market_data - INFO - Loading data for BTC/USDT (1d)
2025-04-25 10:12:33,521 - data.collectors.market_data - INFO - Attempt 1: Fetching data for BTC/USDT (1d)
2025-04-25 10:12:45,540 - data.collectors.market_data - WARNING - Attempt 1 failed: binance GET https://api.binance.com/api/v3/exchangeInfo
2025-04-25 10:12:45,540 - data.collectors.market_data - INFO - Waiting 5 seconds before retry...
2025-04-25 10:12:50,553 - data.collectors.market_data - INFO - Attempt 2: Fetching data for BTC/USDT (1d)
2025-04-25 10:13:02,579 - data.collectors.market_data - WARNING - Attempt 2 failed: binance GET https://api.binance.com/api/v3/exchangeInfo
2025-04-25 10:13:02,579 - data.collectors.market_data - INFO - Waiting 10 seconds before retry...
2025-04-25 10:13:12,599 - data.collectors.market_data - INFO - Attempt 3: Fetching data for BTC/USDT (1d)
2025-04-25 10:13:24,612 - data.collectors.market_data - WARNING - Attempt 3 failed: binance GET https://api.binance.com/api/v3/exchangeInfo
2025-04-25 10:13:24,613 - data.collectors.market_data - ERROR - All attempts failed for BTC/USDT (1d): binance GET https://api.binance.com/api/v3/exchangeInfo
2025-04-25 10:13:24,613 - data.collectors.market_data - WARNING - Using synthetic data for BTC/USDT (1d)
2025-04-25 10:13:24,617 - data.collectors.market_data - INFO - Loaded 501 candles for BTC/USDT (1d)
2025-04-25 10:13:24,617 - data.collectors.market_data - INFO - Loading data for ETH/USDT (1h)
2025-04-25 10:13:24,623 - data.collectors.market_data - INFO - Attempt 1: Fetching data for ETH/USDT (1h)
2025-04-25 10:13:36,665 - data.collectors.market_data - WARNING - Attempt 1 failed: binance GET https://api.binance.com/api/v3/exchangeInfo
2025-04-25 10:13:36,665 - data.collectors.market_data - INFO - Waiting 5 seconds before retry...
2025-04-25 10:13:41,677 - data.collectors.market_data - INFO - Attempt 2: Fetching data for ETH/USDT (1h)
2025-04-25 10:13:53,708 - data.collectors.market_data - WARNING - Attempt 2 failed: binance GET https://api.binance.com/api/v3/exchangeInfo
2025-04-25 10:13:53,708 - data.collectors.market_data - INFO - Waiting 10 seconds before retry...
2025-04-25 10:14:03,732 - data.collectors.market_data - INFO - Attempt 3: Fetching data for ETH/USDT (1h)
2025-04-25 10:14:15,758 - data.collectors.market_data - WARNING - Attempt 3 failed: binance GET https://api.binance.com/api/v3/exchangeInfo
2025-04-25 10:14:15,758 - data.collectors.market_data - ERROR - All attempts failed for ETH/USDT (1h): binance GET https://api.binance.com/api/v3/exchangeInfo
2025-04-25 10:14:15,758 - data.collectors.market_data - WARNING - Using synthetic data for ETH/USDT (1h)
2025-04-25 10:14:15,767 - data.collectors.market_data - INFO - Loaded 501 candles for ETH/USDT (1h)
2025-04-25 10:14:15,767 - data.collectors.market_data - INFO - Loading data for ETH/USDT (4h)
2025-04-25 10:14:15,775 - data.collectors.market_data - INFO - Attempt 1: Fetching data for ETH/USDT (4h)
2025-04-25 10:14:27,823 - data.collectors.market_data - WARNING - Attempt 1 failed: binance GET https://api.binance.com/api/v3/exchangeInfo
2025-04-25 10:14:27,823 - data.collectors.market_data - INFO - Waiting 5 seconds before retry...
2025-04-25 10:14:32,837 - data.collectors.market_data - INFO - Attempt 2: Fetching data for ETH/USDT (4h)
2025-04-25 10:14:44,862 - data.collectors.market_data - WARNING - Attempt 2 failed: binance GET https://api.binance.com/api/v3/exchangeInfo
2025-04-25 10:14:44,862 - data.collectors.market_data - INFO - Waiting 10 seconds before retry...
2025-04-25 10:14:54,881 - data.collectors.market_data - INFO - Attempt 3: Fetching data for ETH/USDT (4h)
2025-04-25 10:15:06,906 - data.collectors.market_data - WARNING - Attempt 3 failed: binance GET https://api.binance.com/api/v3/exchangeInfo
2025-04-25 10:15:06,906 - data.collectors.market_data - ERROR - All attempts failed for ETH/USDT (4h): binance GET https://api.binance.com/api/v3/exchangeInfo
2025-04-25 10:15:06,906 - data.collectors.market_data - WARNING - Using synthetic data for ETH/USDT (4h)
2025-04-25 10:15:06,909 - data.collectors.market_data - INFO - Loaded 501 candles for ETH/USDT (4h)
2025-04-25 10:15:06,909 - data.collectors.market_data - INFO - Loading data for ETH/USDT (1d)
2025-04-25 10:15:06,915 - data.collectors.market_data - INFO - Attempt 1: Fetching data for ETH/USDT (1d)
2025-04-25 10:15:18,938 - data.collectors.market_data - WARNING - Attempt 1 failed: binance GET https://api.binance.com/api/v3/exchangeInfo
2025-04-25 10:15:18,939 - data.collectors.market_data - INFO - Waiting 5 seconds before retry...
2025-04-25 10:15:23,952 - data.collectors.market_data - INFO - Attempt 2: Fetching data for ETH/USDT (1d)
2025-04-25 10:15:54,006 - data.collectors.market_data - WARNING - Attempt 2 failed: binance GET https://api.binance.com/api/v3/exchangeInfo
2025-04-25 10:15:54,006 - data.collectors.market_data - INFO - Waiting 10 seconds before retry...
2025-04-25 10:16:04,024 - data.collectors.market_data - INFO - Attempt 3: Fetching data for ETH/USDT (1d)
2025-04-25 10:16:16,035 - data.collectors.market_data - WARNING - Attempt 3 failed: binance GET https://api.binance.com/api/v3/exchangeInfo
2025-04-25 10:16:16,035 - data.collectors.market_data - ERROR - All attempts failed for ETH/USDT (1d): binance GET https://api.binance.com/api/v3/exchangeInfo
2025-04-25 10:16:16,035 - data.collectors.market_data - WARNING - Using synthetic data for ETH/USDT (1d)
2025-04-25 10:16:16,039 - data.collectors.market_data - INFO - Loaded 501 candles for ETH/USDT (1d)
2025-04-25 10:16:16,039 - data.collectors.market_data - INFO - Loading data for SOL/USDT (1h)
2025-04-25 10:16:16,044 - data.collectors.market_data - INFO - Attempt 1: Fetching data for SOL/USDT (1h)
2025-04-25 10:16:28,068 - data.collectors.market_data - WARNING - Attempt 1 failed: binance GET https://api.binance.com/api/v3/exchangeInfo
2025-04-25 10:16:28,068 - data.collectors.market_data - INFO - Waiting 5 seconds before retry...
2025-04-25 10:16:33,082 - data.collectors.market_data - INFO - Attempt 2: Fetching data for SOL/USDT (1h)
2025-04-25 10:17:03,152 - data.collectors.market_data - WARNING - Attempt 2 failed: binance GET https://api.binance.com/api/v3/exchangeInfo
2025-04-25 10:17:03,152 - data.collectors.market_data - INFO - Waiting 10 seconds before retry...
2025-04-25 10:17:13,171 - data.collectors.market_data - INFO - Attempt 3: Fetching data for SOL/USDT (1h)
2025-04-25 10:17:25,208 - data.collectors.market_data - WARNING - Attempt 3 failed: binance GET https://api.binance.com/api/v3/exchangeInfo
2025-04-25 10:17:25,208 - data.collectors.market_data - ERROR - All attempts failed for SOL/USDT (1h): binance GET https://api.binance.com/api/v3/exchangeInfo
2025-04-25 10:17:25,208 - data.collectors.market_data - WARNING - Using synthetic data for SOL/USDT (1h)
2025-04-25 10:17:25,212 - data.collectors.market_data - INFO - Loaded 501 candles for SOL/USDT (1h)
2025-04-25 10:17:25,212 - data.collectors.market_data - INFO - Loading data for SOL/USDT (4h)
2025-04-25 10:17:25,218 - data.collectors.market_data - INFO - Attempt 1: Fetching data for SOL/USDT (4h)
2025-04-25 10:17:25,230 - data.collectors.market_data - WARNING - Attempt 1 failed: binance GET https://api.binance.com/api/v3/exchangeInfo
2025-04-25 10:17:25,230 - data.collectors.market_data - INFO - Waiting 5 seconds before retry...
2025-04-25 10:17:30,244 - data.collectors.market_data - INFO - Attempt 2: Fetching data for SOL/USDT (4h)
2025-04-25 10:17:51,107 - data.collectors.market_data - WARNING - Attempt 2 failed: binance GET https://api.binance.com/api/v3/exchangeInfo
2025-04-25 10:17:51,108 - data.collectors.market_data - INFO - Waiting 10 seconds before retry...
2025-04-25 10:18:01,127 - data.collectors.market_data - INFO - Attempt 3: Fetching data for SOL/USDT (4h)
2025-04-25 10:18:13,210 - data.collectors.market_data - WARNING - Attempt 3 failed: binance GET https://api.binance.com/api/v3/exchangeInfo
2025-04-25 10:18:13,211 - data.collectors.market_data - ERROR - All attempts failed for SOL/USDT (4h): binance GET https://api.binance.com/api/v3/exchangeInfo
2025-04-25 10:18:13,211 - data.collectors.market_data - WARNING - Using synthetic data for SOL/USDT (4h)
2025-04-25 10:18:13,216 - data.collectors.market_data - INFO - Loaded 501 candles for SOL/USDT (4h)
2025-04-25 10:18:13,216 - data.collectors.market_data - INFO - Loading data for SOL/USDT (1d)
2025-04-25 10:18:13,222 - data.collectors.market_data - INFO - Attempt 1: Fetching data for SOL/USDT (1d)
2025-04-25 10:18:25,258 - data.collectors.market_data - WARNING - Attempt 1 failed: binance GET https://api.binance.com/api/v3/exchangeInfo
2025-04-25 10:18:25,258 - data.collectors.market_data - INFO - Waiting 5 seconds before retry...
2025-04-25 10:18:30,272 - data.collectors.market_data - INFO - Attempt 2: Fetching data for SOL/USDT (1d)
2025-04-25 10:19:00,328 - data.collectors.market_data - WARNING - Attempt 2 failed: binance GET https://api.binance.com/api/v3/exchangeInfo
2025-04-25 10:19:00,328 - data.collectors.market_data - INFO - Waiting 10 seconds before retry...
2025-04-25 10:19:10,351 - data.collectors.market_data - INFO - Attempt 3: Fetching data for SOL/USDT (1d)
2025-04-25 10:19:30,947 - data.collectors.market_data - WARNING - Attempt 3 failed: binance GET https://api.binance.com/api/v3/exchangeInfo
2025-04-25 10:19:30,947 - data.collectors.market_data - ERROR - All attempts failed for SOL/USDT (1d): binance GET https://api.binance.com/api/v3/exchangeInfo
2025-04-25 10:19:30,947 - data.collectors.market_data - WARNING - Using synthetic data for SOL/USDT (1d)
2025-04-25 10:19:30,951 - data.collectors.market_data - INFO - Loaded 501 candles for SOL/USDT (1d)
2025-04-25 10:19:30,951 - data.collectors.market_data - INFO - Loading data for BNB/USDT (1h)
2025-04-25 10:19:30,959 - data.collectors.market_data - INFO - Attempt 1: Fetching data for BNB/USDT (1h)
2025-04-25 10:19:51,426 - data.collectors.market_data - WARNING - Attempt 1 failed: binance GET https://api.binance.com/api/v3/exchangeInfo
2025-04-25 10:19:51,427 - data.collectors.market_data - INFO - Waiting 5 seconds before retry...
2025-04-25 10:19:56,441 - data.collectors.market_data - INFO - Attempt 2: Fetching data for BNB/USDT (1h)
2025-04-25 10:20:17,032 - data.collectors.market_data - WARNING - Attempt 2 failed: binance GET https://api.binance.com/api/v3/exchangeInfo
2025-04-25 10:20:17,033 - data.collectors.market_data - INFO - Waiting 10 seconds before retry...
2025-04-25 10:20:27,050 - data.collectors.market_data - INFO - Attempt 3: Fetching data for BNB/USDT (1h)
2025-04-25 10:20:39,323 - data.collectors.market_data - WARNING - Attempt 3 failed: binance GET https://api.binance.com/api/v3/exchangeInfo
2025-04-25 10:20:39,323 - data.collectors.market_data - ERROR - All attempts failed for BNB/USDT (1h): binance GET https://api.binance.com/api/v3/exchangeInfo
2025-04-25 10:20:39,323 - data.collectors.market_data - WARNING - Using synthetic data for BNB/USDT (1h)
2025-04-25 10:20:39,327 - data.collectors.market_data - INFO - Loaded 501 candles for BNB/USDT (1h)
2025-04-25 10:20:39,327 - data.collectors.market_data - INFO - Loading data for BNB/USDT (4h)
2025-04-25 10:20:39,334 - data.collectors.market_data - INFO - Attempt 1: Fetching data for BNB/USDT (4h)
2025-04-25 10:20:46,633 - data.collectors.market_data - WARNING - Attempt 1 failed: binance GET https://api.binance.com/api/v3/exchangeInfo
2025-04-25 10:20:46,633 - data.collectors.market_data - INFO - Waiting 5 seconds before retry...
2025-04-25 10:20:51,713 - data.collectors.market_data - INFO - Attempt 2: Fetching data for BNB/USDT (4h)
2025-04-25 10:21:03,758 - data.collectors.market_data - WARNING - Attempt 2 failed: binance GET https://api.binance.com/api/v3/exchangeInfo
2025-04-25 10:21:03,758 - data.collectors.market_data - INFO - Waiting 10 seconds before retry...
2025-04-25 10:21:13,776 - data.collectors.market_data - INFO - Attempt 3: Fetching data for BNB/USDT (4h)
2025-04-25 10:21:25,816 - data.collectors.market_data - WARNING - Attempt 3 failed: binance GET https://api.binance.com/api/v3/exchangeInfo
2025-04-25 10:21:25,816 - data.collectors.market_data - ERROR - All attempts failed for BNB/USDT (4h): binance GET https://api.binance.com/api/v3/exchangeInfo
2025-04-25 10:21:25,816 - data.collectors.market_data - WARNING - Using synthetic data for BNB/USDT (4h)
2025-04-25 10:21:25,820 - data.collectors.market_data - INFO - Loaded 501 candles for BNB/USDT (4h)
2025-04-25 10:21:25,820 - data.collectors.market_data - INFO - Loading data for BNB/USDT (1d)
2025-04-25 10:21:25,826 - data.collectors.market_data - INFO - Attempt 1: Fetching data for BNB/USDT (1d)
2025-04-25 10:21:37,933 - data.collectors.market_data - WARNING - Attempt 1 failed: binance GET https://api.binance.com/api/v3/exchangeInfo
2025-04-25 10:21:37,934 - data.collectors.market_data - INFO - Waiting 5 seconds before retry...
2025-04-25 10:21:42,950 - data.collectors.market_data - INFO - Attempt 2: Fetching data for BNB/USDT (1d)
2025-04-25 10:22:13,007 - data.collectors.market_data - WARNING - Attempt 2 failed: binance GET https://api.binance.com/api/v3/exchangeInfo
2025-04-25 10:22:13,007 - data.collectors.market_data - INFO - Waiting 10 seconds before retry...
2025-04-25 10:22:23,025 - data.collectors.market_data - INFO - Attempt 3: Fetching data for BNB/USDT (1d)
2025-04-25 10:22:26,193 - data.collectors.market_data - WARNING - Attempt 3 failed: binance GET https://api.binance.com/api/v3/exchangeInfo
2025-04-25 10:22:26,194 - data.collectors.market_data - ERROR - All attempts failed for BNB/USDT (1d): binance GET https://api.binance.com/api/v3/exchangeInfo
2025-04-25 10:22:26,194 - data.collectors.market_data - WARNING - Using synthetic data for BNB/USDT (1d)
2025-04-25 10:22:26,198 - data.collectors.market_data - INFO - Loaded 501 candles for BNB/USDT (1d)
2025-04-25 10:22:26,198 - data.collectors.market_data - INFO - Loading data for AVAX/USDT (1h)
2025-04-25 10:22:26,204 - data.collectors.market_data - INFO - Attempt 1: Fetching data for AVAX/USDT (1h)
2025-04-25 10:22:56,256 - data.collectors.market_data - WARNING - Attempt 1 failed: binance GET https://api.binance.com/api/v3/exchangeInfo
2025-04-25 10:22:56,256 - data.collectors.market_data - INFO - Waiting 5 seconds before retry...
2025-04-25 10:23:01,270 - data.collectors.market_data - INFO - Attempt 2: Fetching data for AVAX/USDT (1h)
2025-04-25 10:23:31,331 - data.collectors.market_data - WARNING - Attempt 2 failed: binance GET https://api.binance.com/api/v3/exchangeInfo
2025-04-25 10:23:31,331 - data.collectors.market_data - INFO - Waiting 10 seconds before retry...
2025-04-25 10:23:41,349 - data.collectors.market_data - INFO - Attempt 3: Fetching data for AVAX/USDT (1h)
2025-04-25 10:24:01,666 - data.collectors.market_data - WARNING - Attempt 3 failed: binance GET https://api.binance.com/api/v3/exchangeInfo
2025-04-25 10:24:01,667 - data.collectors.market_data - ERROR - All attempts failed for AVAX/USDT (1h): binance GET https://api.binance.com/api/v3/exchangeInfo
2025-04-25 10:24:01,667 - data.collectors.market_data - WARNING - Using synthetic data for AVAX/USDT (1h)
2025-04-25 10:24:01,670 - data.collectors.market_data - INFO - Loaded 501 candles for AVAX/USDT (1h)
2025-04-25 10:24:01,671 - data.collectors.market_data - INFO - Loading data for AVAX/USDT (4h)
2025-04-25 10:24:01,677 - data.collectors.market_data - INFO - Attempt 1: Fetching data for AVAX/USDT (4h)
2025-04-25 10:24:01,712 - data.collectors.market_data - WARNING - Attempt 1 failed: binance GET https://api.binance.com/api/v3/exchangeInfo
2025-04-25 10:24:01,712 - data.collectors.market_data - INFO - Waiting 5 seconds before retry...
2025-04-25 10:24:06,728 - data.collectors.market_data - INFO - Attempt 2: Fetching data for AVAX/USDT (4h)
2025-04-25 10:24:36,781 - data.collectors.market_data - WARNING - Attempt 2 failed: binance GET https://api.binance.com/api/v3/exchangeInfo
2025-04-25 10:24:36,781 - data.collectors.market_data - INFO - Waiting 10 seconds before retry...
2025-04-25 10:24:46,800 - data.collectors.market_data - INFO - Attempt 3: Fetching data for AVAX/USDT (4h)
2025-04-25 10:25:02,065 - data.collectors.market_data - WARNING - Attempt 3 failed: binance GET https://api.binance.com/api/v3/exchangeInfo
2025-04-25 10:25:02,066 - data.collectors.market_data - ERROR - All attempts failed for AVAX/USDT (4h): binance GET https://api.binance.com/api/v3/exchangeInfo
2025-04-25 10:25:02,066 - data.collectors.market_data - WARNING - Using synthetic data for AVAX/USDT (4h)
2025-04-25 10:25:02,069 - data.collectors.market_data - INFO - Loaded 501 candles for AVAX/USDT (4h)
2025-04-25 10:25:02,069 - data.collectors.market_data - INFO - Loading data for AVAX/USDT (1d)
2025-04-25 10:25:02,076 - data.collectors.market_data - INFO - Attempt 1: Fetching data for AVAX/USDT (1d)
2025-04-25 10:25:32,130 - data.collectors.market_data - WARNING - Attempt 1 failed: binance GET https://api.binance.com/api/v3/exchangeInfo
2025-04-25 10:25:32,131 - data.collectors.market_data - INFO - Waiting 5 seconds before retry...
2025-04-25 10:25:37,145 - data.collectors.market_data - INFO - Attempt 2: Fetching data for AVAX/USDT (1d)
2025-04-25 10:25:44,364 - data.collectors.market_data - WARNING - Attempt 2 failed: binance GET https://api.binance.com/api/v3/exchangeInfo
2025-04-25 10:25:44,364 - data.collectors.market_data - INFO - Waiting 10 seconds before retry...
2025-04-25 10:25:54,383 - data.collectors.market_data - INFO - Attempt 3: Fetching data for AVAX/USDT (1d)
2025-04-25 10:26:24,447 - data.collectors.market_data - WARNING - Attempt 3 failed: binance GET https://api.binance.com/api/v3/exchangeInfo
2025-04-25 10:26:24,447 - data.collectors.market_data - ERROR - All attempts failed for AVAX/USDT (1d): binance GET https://api.binance.com/api/v3/exchangeInfo
2025-04-25 10:26:24,447 - data.collectors.market_data - WARNING - Using synthetic data for AVAX/USDT (1d)
2025-04-25 10:26:24,451 - data.collectors.market_data - INFO - Loaded 501 candles for AVAX/USDT (1d)
2025-04-25 10:26:24,566 - data.collectors.sentiment_data - INFO - Collecting sentiment data for BTC
2025-04-25 10:26:24,852 - data.collectors.sentiment_data - ERROR - Error collecting Twitter data for BTC: 401 Unauthorized
89 - Invalid or expired token.
2025-04-25 10:26:36,866 - prawcore - WARNING - Retrying due to ConnectionError(MaxRetryError("HTTPSConnectionPool(host='www.reddit.com', port=443): Max retries exceeded with url: /api/v1/access_token (Caused by NewConnectionError('<urllib3.connection.HTTPSConnection object at 0x7fcc41abdff0>: Failed to establish a new connection: [Errno 101] Network is unreachable'))")) status: GET https://oauth.reddit.com/r/cryptocurrency/search/
2025-04-25 10:26:49,787 - prawcore - WARNING - Retrying due to ConnectionError(MaxRetryError("HTTPSConnectionPool(host='www.reddit.com', port=443): Max retries exceeded with url: /api/v1/access_token (Caused by NewConnectionError('<urllib3.connection.HTTPSConnection object at 0x7fcc41abe260>: Failed to establish a new connection: [Errno 101] Network is unreachable'))")) status: GET https://oauth.reddit.com/r/cryptocurrency/search/
2025-04-25 10:26:52,146 - data.collectors.sentiment_data - ERROR - Error collecting Reddit data for BTC: error with request HTTPSConnectionPool(host='www.reddit.com', port=443): Max retries exceeded with url: /api/v1/access_token (Caused by SSLError(SSLCertVerificationError(1, "[SSL: CERTIFICATE_VERIFY_FAILED] certificate verify failed: Hostname mismatch, certificate is not valid for 'www.reddit.com'. (_ssl.c:1007)")))
2025-04-25 10:26:52,147 - data.collectors.sentiment_data - INFO - Collecting sentiment data for ETH
2025-04-25 10:26:52,441 - data.collectors.sentiment_data - ERROR - Error collecting Twitter data for ETH: 401 Unauthorized
89 - Invalid or expired token.
2025-04-25 10:27:08,466 - prawcore - WARNING - Retrying due to ConnectionError(MaxRetryError("HTTPSConnectionPool(host='www.reddit.com', port=443): Max retries exceeded with url: /api/v1/access_token (Caused by NewConnectionError('<urllib3.connection.HTTPSConnection object at 0x7fcc41abd9c0>: Failed to establish a new connection: [Errno 101] Network is unreachable'))")) status: GET https://oauth.reddit.com/r/cryptocurrency/search/
2025-04-25 10:27:09,923 - prawcore - WARNING - Retrying due to SSLError(MaxRetryError('HTTPSConnectionPool(host=\'www.reddit.com\', port=443): Max retries exceeded with url: /api/v1/access_token (Caused by SSLError(SSLCertVerificationError(1, "[SSL: CERTIFICATE_VERIFY_FAILED] certificate verify failed: Hostname mismatch, certificate is not valid for \'www.reddit.com\'. (_ssl.c:1007)")))')) status: GET https://oauth.reddit.com/r/cryptocurrency/search/
2025-04-25 10:27:29,437 - data.collectors.sentiment_data - ERROR - Error collecting Reddit data for ETH: error with request HTTPSConnectionPool(host='www.reddit.com', port=443): Max retries exceeded with url: /api/v1/access_token (Caused by NewConnectionError('<urllib3.connection.HTTPSConnection object at 0x7fcc41abf5e0>: Failed to establish a new connection: [Errno 101] Network is unreachable'))
2025-04-25 10:27:29,438 - data.collectors.sentiment_data - INFO - Collecting sentiment data for SOL
2025-04-25 10:27:29,738 - data.collectors.sentiment_data - ERROR - Error collecting Twitter data for SOL: 401 Unauthorized
89 - Invalid or expired token.
2025-04-25 10:27:41,754 - prawcore - WARNING - Retrying due to ConnectionError(MaxRetryError("HTTPSConnectionPool(host='www.reddit.com', port=443): Max retries exceeded with url: /api/v1/access_token (Caused by NewConnectionError('<urllib3.connection.HTTPSConnection object at 0x7fcc41abeb90>: Failed to establish a new connection: [Errno 101] Network is unreachable'))")) status: GET https://oauth.reddit.com/r/cryptocurrency/search/
2025-04-25 10:27:59,344 - prawcore - WARNING - Retrying due to ConnectionError(MaxRetryError("HTTPSConnectionPool(host='www.reddit.com', port=443): Max retries exceeded with url: /api/v1/access_token (Caused by NewConnectionError('<urllib3.connection.HTTPSConnection object at 0x7fcc41abf160>: Failed to establish a new connection: [Errno 101] Network is unreachable'))")) status: GET https://oauth.reddit.com/r/cryptocurrency/search/
2025-04-25 10:28:05,955 - data.collectors.sentiment_data - ERROR - Error collecting Reddit data for SOL: error with request HTTPSConnectionPool(host='www.reddit.com', port=443): Max retries exceeded with url: /api/v1/access_token (Caused by SSLError(SSLCertVerificationError(1, "[SSL: CERTIFICATE_VERIFY_FAILED] certificate verify failed: Hostname mismatch, certificate is not valid for 'www.reddit.com'. (_ssl.c:1007)")))
2025-04-25 10:28:05,956 - data.collectors.sentiment_data - INFO - Collecting sentiment data for BNB
2025-04-25 10:28:06,234 - data.collectors.sentiment_data - ERROR - Error collecting Twitter data for BNB: 401 Unauthorized
89 - Invalid or expired token.
2025-04-25 10:28:22,271 - prawcore - WARNING - Retrying due to ConnectionError(MaxRetryError("HTTPSConnectionPool(host='www.reddit.com', port=443): Max retries exceeded with url: /api/v1/access_token (Caused by NewConnectionError('<urllib3.connection.HTTPSConnection object at 0x7fcc41abda50>: Failed to establish a new connection: [Errno 101] Network is unreachable'))")) status: GET https://oauth.reddit.com/r/cryptocurrency/search/
2025-04-25 10:28:35,074 - prawcore - WARNING - Retrying due to ConnectionError(MaxRetryError("HTTPSConnectionPool(host='www.reddit.com', port=443): Max retries exceeded with url: /api/v1/access_token (Caused by NewConnectionError('<urllib3.connection.HTTPSConnection object at 0x7fcc41af0580>: Failed to establish a new connection: [Errno 101] Network is unreachable'))")) status: GET https://oauth.reddit.com/r/cryptocurrency/search/
2025-04-25 10:28:54,359 - data.collectors.sentiment_data - ERROR - Error collecting Reddit data for BNB: error with request HTTPSConnectionPool(host='www.reddit.com', port=443): Max retries exceeded with url: /api/v1/access_token (Caused by NewConnectionError('<urllib3.connection.HTTPSConnection object at 0x7fcc41af0760>: Failed to establish a new connection: [Errno 101] Network is unreachable'))
2025-04-25 10:28:54,360 - data.collectors.sentiment_data - INFO - Collecting sentiment data for AVAX
2025-04-25 10:28:58,362 - data.collectors.sentiment_data - ERROR - Error collecting Twitter data for AVAX: 401 Unauthorized
89 - Invalid or expired token.
2025-04-25 10:29:14,400 - prawcore - WARNING - Retrying due to ConnectionError(MaxRetryError("HTTPSConnectionPool(host='www.reddit.com', port=443): Max retries exceeded with url: /api/v1/access_token (Caused by NewConnectionError('<urllib3.connection.HTTPSConnection object at 0x7fcc41abfe20>: Failed to establish a new connection: [Errno 101] Network is unreachable'))")) status: GET https://oauth.reddit.com/r/cryptocurrency/search/
2025-04-25 10:29:31,197 - prawcore - WARNING - Retrying due to ConnectionError(MaxRetryError("HTTPSConnectionPool(host='www.reddit.com', port=443): Max retries exceeded with url: /api/v1/access_token (Caused by NewConnectionError('<urllib3.connection.HTTPSConnection object at 0x7fcc41abe920>: Failed to establish a new connection: [Errno 101] Network is unreachable'))")) status: GET https://oauth.reddit.com/r/cryptocurrency/search/
2025-04-25 10:29:49,288 - data.collectors.sentiment_data - ERROR - Error collecting Reddit data for AVAX: error with request HTTPSConnectionPool(host='www.reddit.com', port=443): Max retries exceeded with url: /api/v1/access_token (Caused by NewConnectionError('<urllib3.connection.HTTPSConnection object at 0x7fcc41abf940>: Failed to establish a new connection: [Errno 101] Network is unreachable'))
2025-04-25 10:29:49,288 - data.collectors.onchain_data - INFO - Collecting on-chain data for BTC
2025-04-25 10:29:49,457 - data.collectors.onchain_data - INFO - Successfully collected Bitcoin on-chain metrics
2025-04-25 10:29:49,458 - data.collectors.onchain_data - INFO - Collecting on-chain data for ETH
2025-04-25 10:29:52,796 - data.collectors.onchain_data - ERROR - Error collecting Ethereum on-chain data: 'str' object has no attribute 'get'
2025-04-25 10:29:52,797 - data.collectors.onchain_data - WARNING - Generating synthetic on-chain data for ETH
2025-04-25 10:29:52,797 - data.collectors.onchain_data - INFO - Collecting on-chain data for SOL
2025-04-25 10:29:52,798 - data.collectors.onchain_data - WARNING - Generating synthetic on-chain data for SOL
2025-04-25 10:29:52,798 - data.collectors.onchain_data - INFO - Collecting on-chain data for BNB
2025-04-25 10:29:52,798 - data.collectors.onchain_data - WARNING - Generating synthetic on-chain data for BNB
2025-04-25 10:29:52,798 - data.collectors.onchain_data - INFO - Collecting on-chain data for AVAX
2025-04-25 10:29:52,798 - data.collectors.onchain_data - WARNING - Generating synthetic on-chain data for AVAX
2025-04-25 10:29:52,798 - data.collectors.macro_data - INFO - Collecting macroeconomic data...
2025-04-25 10:29:52,798 - data.collectors.macro_data - INFO - Fetching DFF from FRED
2025-04-25 10:29:53,717 - data.collectors.macro_data - INFO - Fetching UNRATE from FRED
2025-04-25 10:29:54,280 - data.collectors.macro_data - INFO - Fetching CPIAUCSL from FRED
2025-04-25 10:29:54,599 - data.collectors.macro_data - INFO - Fetching T10Y2Y from FRED
2025-04-25 10:29:54,965 - data.collectors.macro_data - INFO - Fetching VIXCLS from FRED
2025-04-25 10:29:55,286 - strategies.manipulation_detector - WARNING - Potential market manipulation detected for BTC/USDT:
2025-04-25 10:29:55,286 - strategies.manipulation_detector - WARNING -   - Wash trading pattern (confidence: 0.08)
2025-04-25 10:29:55,287 - strategies.manipulation_detector - WARNING - Potential market manipulation detected for ETH/USDT:
2025-04-25 10:29:55,287 - strategies.manipulation_detector - WARNING -   - Wash trading pattern (confidence: 0.08)
2025-04-25 10:29:55,288 - strategies.manipulation_detector - WARNING - Potential market manipulation detected for SOL/USDT:
2025-04-25 10:29:55,289 - strategies.manipulation_detector - WARNING -   - Wash trading pattern (confidence: 0.08)
2025-04-25 10:29:55,290 - strategies.manipulation_detector - WARNING - Potential market manipulation detected for BNB/USDT:
2025-04-25 10:29:55,290 - strategies.manipulation_detector - WARNING -   - Wash trading pattern (confidence: 0.08)
2025-04-25 10:29:55,291 - strategies.manipulation_detector - WARNING - Potential market manipulation detected for AVAX/USDT:
2025-04-25 10:29:55,292 - strategies.manipulation_detector - WARNING -   - Wash trading pattern (confidence: 0.08)
2025-04-25 10:29:55,292 - strategies.pair_trading_strategy - INFO - Searching for cointegrated pairs...
2025-04-25 10:29:55,292 - strategies.pair_trading_strategy - INFO - Tested 10 pairs, found 0 cointegrated pairs
2025-04-25 10:29:55,292 - crypto_bot - INFO - Initial data loaded successfully
2025-04-25 10:29:55,293 - crypto_bot - INFO - All components initialized successfully
2025-04-25 10:29:55,293 - crypto_bot - INFO - Trading bot initialized successfully
2025-04-25 10:29:55,293 - crypto_bot - INFO - Starting bot in BACKTEST mode for 30 days
2025-04-25 10:29:55,293 - crypto_bot - INFO - Starting backtesting mode for last 30 days
2025-04-25 10:29:55,293 - backtesting.backtester - INFO - Starting backtest...
2025-04-25 10:29:55,293 - backtesting.backtester - INFO - Backtest period: 2025-03-26 to 2025-04-25
2025-04-25 10:29:55,293 - execution.portfolio_manager - INFO - Portfolio reset to initial capital of $100
2025-04-25 10:29:55,293 - backtesting.backtester - INFO - Loading historical data...
2025-04-25 10:29:55,293 - data.collectors.market_data - INFO - Loading data for BTC/USDT (1h)
2025-04-25 10:29:55,300 - data.collectors.market_data - INFO - Attempt 1: Fetching data for BTC/USDT (1h)
2025-04-25 10:30:16,068 - data.collectors.market_data - WARNING - Attempt 1 failed: binance GET https://api.binance.com/api/v3/exchangeInfo
2025-04-25 10:30:16,068 - data.collectors.market_data - INFO - Waiting 5 seconds before retry...
2025-04-25 10:30:21,080 - data.collectors.market_data - INFO - Attempt 2: Fetching data for BTC/USDT (1h)
2025-04-25 10:30:28,271 - data.collectors.market_data - WARNING - Attempt 2 failed: binance GET https://api.binance.com/api/v3/exchangeInfo
2025-04-25 10:30:28,271 - data.collectors.market_data - INFO - Waiting 10 seconds before retry...
2025-04-25 10:30:38,290 - data.collectors.market_data - INFO - Attempt 3: Fetching data for BTC/USDT (1h)
2025-04-25 10:30:58,946 - data.collectors.market_data - WARNING - Attempt 3 failed: binance GET https://api.binance.com/api/v3/exchangeInfo
2025-04-25 10:30:58,947 - data.collectors.market_data - ERROR - All attempts failed for BTC/USDT (1h): binance GET https://api.binance.com/api/v3/exchangeInfo
2025-04-25 10:30:58,947 - data.collectors.market_data - WARNING - Using synthetic data for BTC/USDT (1h)
2025-04-25 10:30:58,950 - data.collectors.market_data - INFO - Loaded 501 candles for BTC/USDT (1h)
2025-04-25 10:30:58,950 - data.collectors.market_data - INFO - Loading data for BTC/USDT (4h)
2025-04-25 10:30:58,956 - data.collectors.market_data - INFO - Attempt 1: Fetching data for BTC/USDT (4h)
2025-04-25 10:31:10,982 - data.collectors.market_data - WARNING - Attempt 1 failed: binance GET https://api.binance.com/api/v3/exchangeInfo
2025-04-25 10:31:10,982 - data.collectors.market_data - INFO - Waiting 5 seconds before retry...
2025-04-25 10:31:15,996 - data.collectors.market_data - INFO - Attempt 2: Fetching data for BTC/USDT (4h)
2025-04-25 10:31:46,077 - data.collectors.market_data - WARNING - Attempt 2 failed: binance GET https://api.binance.com/api/v3/exchangeInfo
2025-04-25 10:31:46,078 - data.collectors.market_data - INFO - Waiting 10 seconds before retry...
2025-04-25 10:31:56,097 - data.collectors.market_data - INFO - Attempt 3: Fetching data for BTC/USDT (4h)
2025-04-25 10:32:29,263 - data.collectors.market_data - WARNING - Attempt 3 failed: binance GET https://api.binance.com/api/v3/exchangeInfo
2025-04-25 10:32:29,263 - data.collectors.market_data - ERROR - All attempts failed for BTC/USDT (4h): binance GET https://api.binance.com/api/v3/exchangeInfo
2025-04-25 10:32:29,264 - data.collectors.market_data - WARNING - Using synthetic data for BTC/USDT (4h)
2025-04-25 10:32:29,270 - data.collectors.market_data - INFO - Loaded 501 candles for BTC/USDT (4h)
2025-04-25 10:32:29,270 - data.collectors.market_data - INFO - Loading data for BTC/USDT (1d)
2025-04-25 10:32:29,277 - data.collectors.market_data - INFO - Attempt 1: Fetching data for BTC/USDT (1d)
2025-04-25 10:32:41,562 - data.collectors.market_data - WARNING - Attempt 1 failed: binance GET https://api.binance.com/api/v3/exchangeInfo
2025-04-25 10:32:41,563 - data.collectors.market_data - INFO - Waiting 5 seconds before retry...
2025-04-25 10:32:46,578 - data.collectors.market_data - INFO - Attempt 2: Fetching data for BTC/USDT (1d)
2025-04-25 10:32:58,770 - data.collectors.market_data - WARNING - Attempt 2 failed: binance GET https://api.binance.com/api/v3/exchangeInfo
2025-04-25 10:32:58,770 - data.collectors.market_data - INFO - Waiting 10 seconds before retry...
2025-04-25 10:33:08,793 - data.collectors.market_data - INFO - Attempt 3: Fetching data for BTC/USDT (1d)
2025-04-25 10:33:09,875 - data.collectors.market_data - WARNING - Attempt 3 failed: binance GET https://api.binance.com/api/v3/exchangeInfo
2025-04-25 10:33:09,875 - data.collectors.market_data - ERROR - All attempts failed for BTC/USDT (1d): binance GET https://api.binance.com/api/v3/exchangeInfo
2025-04-25 10:33:09,876 - data.collectors.market_data - WARNING - Using synthetic data for BTC/USDT (1d)
2025-04-25 10:33:09,879 - data.collectors.market_data - INFO - Loaded 501 candles for BTC/USDT (1d)
2025-04-25 10:33:09,880 - data.collectors.market_data - INFO - Loading data for ETH/USDT (1h)
2025-04-25 10:33:09,886 - data.collectors.market_data - INFO - Attempt 1: Fetching data for ETH/USDT (1h)
2025-04-25 10:33:21,911 - data.collectors.market_data - WARNING - Attempt 1 failed: binance GET https://api.binance.com/api/v3/exchangeInfo
2025-04-25 10:33:21,911 - data.collectors.market_data - INFO - Waiting 5 seconds before retry...
2025-04-25 10:33:26,926 - data.collectors.market_data - INFO - Attempt 2: Fetching data for ETH/USDT (1h)
2025-04-25 10:33:38,957 - data.collectors.market_data - WARNING - Attempt 2 failed: binance GET https://api.binance.com/api/v3/exchangeInfo
2025-04-25 10:33:38,957 - data.collectors.market_data - INFO - Waiting 10 seconds before retry...
2025-04-25 10:33:48,976 - data.collectors.market_data - INFO - Attempt 3: Fetching data for ETH/USDT (1h)
2025-04-25 10:34:19,069 - data.collectors.market_data - WARNING - Attempt 3 failed: binance GET https://api.binance.com/api/v3/exchangeInfo
2025-04-25 10:34:19,069 - data.collectors.market_data - ERROR - All attempts failed for ETH/USDT (1h): binance GET https://api.binance.com/api/v3/exchangeInfo
2025-04-25 10:34:19,069 - data.collectors.market_data - WARNING - Using synthetic data for ETH/USDT (1h)
2025-04-25 10:34:19,074 - data.collectors.market_data - INFO - Loaded 501 candles for ETH/USDT (1h)
2025-04-25 10:34:19,074 - data.collectors.market_data - INFO - Loading data for ETH/USDT (4h)
2025-04-25 10:34:19,083 - data.collectors.market_data - INFO - Attempt 1: Fetching data for ETH/USDT (4h)
2025-04-25 10:34:29,867 - data.collectors.market_data - WARNING - Attempt 1 failed: binance GET https://api.binance.com/api/v3/exchangeInfo
2025-04-25 10:34:29,867 - data.collectors.market_data - INFO - Waiting 5 seconds before retry...
2025-04-25 10:34:34,882 - data.collectors.market_data - INFO - Attempt 2: Fetching data for ETH/USDT (4h)
2025-04-25 10:34:46,917 - data.collectors.market_data - WARNING - Attempt 2 failed: binance GET https://api.binance.com/api/v3/exchangeInfo
2025-04-25 10:34:46,917 - data.collectors.market_data - INFO - Waiting 10 seconds before retry...
2025-04-25 10:34:56,939 - data.collectors.market_data - INFO - Attempt 3: Fetching data for ETH/USDT (4h)
2025-04-25 10:35:10,814 - data.collectors.market_data - WARNING - Attempt 3 failed: binance GET https://api.binance.com/api/v3/exchangeInfo
2025-04-25 10:35:10,814 - data.collectors.market_data - ERROR - All attempts failed for ETH/USDT (4h): binance GET https://api.binance.com/api/v3/exchangeInfo
2025-04-25 10:35:10,814 - data.collectors.market_data - WARNING - Using synthetic data for ETH/USDT (4h)
2025-04-25 10:35:10,818 - data.collectors.market_data - INFO - Loaded 501 candles for ETH/USDT (4h)
2025-04-25 10:35:10,818 - data.collectors.market_data - INFO - Loading data for ETH/USDT (1d)
2025-04-25 10:35:10,824 - data.collectors.market_data - INFO - Attempt 1: Fetching data for ETH/USDT (1d)
2025-04-25 10:35:22,961 - data.collectors.market_data - WARNING - Attempt 1 failed: binance GET https://api.binance.com/api/v3/exchangeInfo
2025-04-25 10:35:22,962 - data.collectors.market_data - INFO - Waiting 5 seconds before retry...
2025-04-25 10:35:27,977 - data.collectors.market_data - INFO - Attempt 2: Fetching data for ETH/USDT (1d)
2025-04-25 10:35:40,064 - data.collectors.market_data - WARNING - Attempt 2 failed: binance GET https://api.binance.com/api/v3/exchangeInfo
2025-04-25 10:35:40,064 - data.collectors.market_data - INFO - Waiting 10 seconds before retry...
2025-04-25 10:35:50,089 - data.collectors.market_data - INFO - Attempt 3: Fetching data for ETH/USDT (1d)
2025-04-25 10:36:02,103 - data.collectors.market_data - WARNING - Attempt 3 failed: binance GET https://api.binance.com/api/v3/exchangeInfo
2025-04-25 10:36:02,103 - data.collectors.market_data - ERROR - All attempts failed for ETH/USDT (1d): binance GET https://api.binance.com/api/v3/exchangeInfo
2025-04-25 10:36:02,103 - data.collectors.market_data - WARNING - Using synthetic data for ETH/USDT (1d)
2025-04-25 10:36:02,106 - data.collectors.market_data - INFO - Loaded 501 candles for ETH/USDT (1d)
2025-04-25 10:36:02,106 - data.collectors.market_data - INFO - Loading data for SOL/USDT (1h)
2025-04-25 10:36:02,112 - data.collectors.market_data - INFO - Attempt 1: Fetching data for SOL/USDT (1h)
2025-04-25 10:36:14,126 - data.collectors.market_data - WARNING - Attempt 1 failed: binance GET https://api.binance.com/api/v3/exchangeInfo
2025-04-25 10:36:14,127 - data.collectors.market_data - INFO - Waiting 5 seconds before retry...
2025-04-25 10:36:19,141 - data.collectors.market_data - INFO - Attempt 2: Fetching data for SOL/USDT (1h)
2025-04-25 10:36:31,160 - data.collectors.market_data - WARNING - Attempt 2 failed: binance GET https://api.binance.com/api/v3/exchangeInfo
2025-04-25 10:36:31,160 - data.collectors.market_data - INFO - Waiting 10 seconds before retry...
2025-04-25 10:36:41,179 - data.collectors.market_data - INFO - Attempt 3: Fetching data for SOL/USDT (1h)
2025-04-25 10:37:11,240 - data.collectors.market_data - WARNING - Attempt 3 failed: binance GET https://api.binance.com/api/v3/exchangeInfo
2025-04-25 10:37:11,241 - data.collectors.market_data - ERROR - All attempts failed for SOL/USDT (1h): binance GET https://api.binance.com/api/v3/exchangeInfo
2025-04-25 10:37:11,241 - data.collectors.market_data - WARNING - Using synthetic data for SOL/USDT (1h)
2025-04-25 10:37:11,245 - data.collectors.market_data - INFO - Loaded 501 candles for SOL/USDT (1h)
2025-04-25 10:37:11,245 - data.collectors.market_data - INFO - Loading data for SOL/USDT (4h)
2025-04-25 10:37:11,252 - data.collectors.market_data - INFO - Attempt 1: Fetching data for SOL/USDT (4h)
2025-04-25 10:37:41,308 - data.collectors.market_data - WARNING - Attempt 1 failed: binance GET https://api.binance.com/api/v3/exchangeInfo
2025-04-25 10:37:41,309 - data.collectors.market_data - INFO - Waiting 5 seconds before retry...
2025-04-25 10:37:46,322 - data.collectors.market_data - INFO - Attempt 2: Fetching data for SOL/USDT (4h)
2025-04-25 10:38:07,106 - data.collectors.market_data - WARNING - Attempt 2 failed: binance GET https://api.binance.com/api/v3/exchangeInfo
2025-04-25 10:38:07,107 - data.collectors.market_data - INFO - Waiting 10 seconds before retry...
2025-04-25 10:38:17,125 - data.collectors.market_data - INFO - Attempt 3: Fetching data for SOL/USDT (4h)
2025-04-25 10:38:29,146 - data.collectors.market_data - WARNING - Attempt 3 failed: binance GET https://api.binance.com/api/v3/exchangeInfo
2025-04-25 10:38:29,146 - data.collectors.market_data - ERROR - All attempts failed for SOL/USDT (4h): binance GET https://api.binance.com/api/v3/exchangeInfo
2025-04-25 10:38:29,146 - data.collectors.market_data - WARNING - Using synthetic data for SOL/USDT (4h)
2025-04-25 10:38:29,150 - data.collectors.market_data - INFO - Loaded 501 candles for SOL/USDT (4h)
2025-04-25 10:38:29,150 - data.collectors.market_data - INFO - Loading data for SOL/USDT (1d)
2025-04-25 10:38:29,156 - data.collectors.market_data - INFO - Attempt 1: Fetching data for SOL/USDT (1d)
2025-04-25 10:38:41,171 - data.collectors.market_data - WARNING - Attempt 1 failed: binance GET https://api.binance.com/api/v3/exchangeInfo
2025-04-25 10:38:41,171 - data.collectors.market_data - INFO - Waiting 5 seconds before retry...
2025-04-25 10:38:46,186 - data.collectors.market_data - INFO - Attempt 2: Fetching data for SOL/USDT (1d)
2025-04-25 10:39:16,240 - data.collectors.market_data - WARNING - Attempt 2 failed: binance GET https://api.binance.com/api/v3/exchangeInfo
2025-04-25 10:39:16,241 - data.collectors.market_data - INFO - Waiting 10 seconds before retry...
2025-04-25 10:39:26,260 - data.collectors.market_data - INFO - Attempt 3: Fetching data for SOL/USDT (1d)
2025-04-25 10:39:46,949 - data.collectors.market_data - WARNING - Attempt 3 failed: binance GET https://api.binance.com/api/v3/exchangeInfo
2025-04-25 10:39:46,949 - data.collectors.market_data - ERROR - All attempts failed for SOL/USDT (1d): binance GET https://api.binance.com/api/v3/exchangeInfo
2025-04-25 10:39:46,949 - data.collectors.market_data - WARNING - Using synthetic data for SOL/USDT (1d)
2025-04-25 10:39:46,953 - data.collectors.market_data - INFO - Loaded 501 candles for SOL/USDT (1d)
2025-04-25 10:39:46,954 - data.collectors.market_data - INFO - Loading data for BNB/USDT (1h)
2025-04-25 10:39:46,959 - data.collectors.market_data - INFO - Attempt 1: Fetching data for BNB/USDT (1h)
2025-04-25 10:39:47,026 - data.collectors.market_data - WARNING - Attempt 1 failed: binance GET https://api.binance.com/api/v3/exchangeInfo
2025-04-25 10:39:47,027 - data.collectors.market_data - INFO - Waiting 5 seconds before retry...
2025-04-25 10:39:52,040 - data.collectors.market_data - INFO - Attempt 2: Fetching data for BNB/USDT (1h)
2025-04-25 10:40:04,053 - data.collectors.market_data - WARNING - Attempt 2 failed: binance GET https://api.binance.com/api/v3/exchangeInfo
2025-04-25 10:40:04,053 - data.collectors.market_data - INFO - Waiting 10 seconds before retry...
2025-04-25 10:40:14,072 - data.collectors.market_data - INFO - Attempt 3: Fetching data for BNB/USDT (1h)
2025-04-25 10:40:26,084 - data.collectors.market_data - WARNING - Attempt 3 failed: binance GET https://api.binance.com/api/v3/exchangeInfo
2025-04-25 10:40:26,084 - data.collectors.market_data - ERROR - All attempts failed for BNB/USDT (1h): binance GET https://api.binance.com/api/v3/exchangeInfo
2025-04-25 10:40:26,084 - data.collectors.market_data - WARNING - Using synthetic data for BNB/USDT (1h)
2025-04-25 10:40:26,090 - data.collectors.market_data - INFO - Loaded 501 candles for BNB/USDT (1h)
2025-04-25 10:40:26,091 - data.collectors.market_data - INFO - Loading data for BNB/USDT (4h)
2025-04-25 10:40:26,097 - data.collectors.market_data - INFO - Attempt 1: Fetching data for BNB/USDT (4h)
2025-04-25 10:40:38,129 - data.collectors.market_data - WARNING - Attempt 1 failed: binance GET https://api.binance.com/api/v3/exchangeInfo
2025-04-25 10:40:38,130 - data.collectors.market_data - INFO - Waiting 5 seconds before retry...
2025-04-25 10:40:43,144 - data.collectors.market_data - INFO - Attempt 2: Fetching data for BNB/USDT (4h)
2025-04-25 10:40:55,167 - data.collectors.market_data - WARNING - Attempt 2 failed: binance GET https://api.binance.com/api/v3/exchangeInfo
2025-04-25 10:40:55,167 - data.collectors.market_data - INFO - Waiting 10 seconds before retry...
2025-04-25 10:41:05,184 - data.collectors.market_data - INFO - Attempt 3: Fetching data for BNB/USDT (4h)
2025-04-25 10:41:26,145 - data.collectors.market_data - WARNING - Attempt 3 failed: binance GET https://api.binance.com/api/v3/exchangeInfo
2025-04-25 10:41:26,145 - data.collectors.market_data - ERROR - All attempts failed for BNB/USDT (4h): binance GET https://api.binance.com/api/v3/exchangeInfo
2025-04-25 10:41:26,145 - data.collectors.market_data - WARNING - Using synthetic data for BNB/USDT (4h)
2025-04-25 10:41:26,150 - data.collectors.market_data - INFO - Loaded 501 candles for BNB/USDT (4h)
2025-04-25 10:41:26,150 - data.collectors.market_data - INFO - Loading data for BNB/USDT (1d)
2025-04-25 10:41:26,157 - data.collectors.market_data - INFO - Attempt 1: Fetching data for BNB/USDT (1d)
2025-04-25 10:41:38,182 - data.collectors.market_data - WARNING - Attempt 1 failed: binance GET https://api.binance.com/api/v3/exchangeInfo
2025-04-25 10:41:38,182 - data.collectors.market_data - INFO - Waiting 5 seconds before retry...
2025-04-25 10:41:43,196 - data.collectors.market_data - INFO - Attempt 2: Fetching data for BNB/USDT (1d)
2025-04-25 10:41:55,211 - data.collectors.market_data - WARNING - Attempt 2 failed: binance GET https://api.binance.com/api/v3/exchangeInfo
2025-04-25 10:41:55,211 - data.collectors.market_data - INFO - Waiting 10 seconds before retry...
2025-04-25 10:42:05,229 - data.collectors.market_data - INFO - Attempt 3: Fetching data for BNB/USDT (1d)
2025-04-25 10:42:35,302 - data.collectors.market_data - WARNING - Attempt 3 failed: binance GET https://api.binance.com/api/v3/exchangeInfo
2025-04-25 10:42:35,302 - data.collectors.market_data - ERROR - All attempts failed for BNB/USDT (1d): binance GET https://api.binance.com/api/v3/exchangeInfo
2025-04-25 10:42:35,302 - data.collectors.market_data - WARNING - Using synthetic data for BNB/USDT (1d)
2025-04-25 10:42:35,306 - data.collectors.market_data - INFO - Loaded 501 candles for BNB/USDT (1d)
2025-04-25 10:42:35,307 - data.collectors.market_data - INFO - Loading data for AVAX/USDT (1h)
2025-04-25 10:42:35,312 - data.collectors.market_data - INFO - Attempt 1: Fetching data for AVAX/USDT (1h)
2025-04-25 10:42:55,746 - data.collectors.market_data - WARNING - Attempt 1 failed: binance GET https://api.binance.com/api/v3/exchangeInfo
2025-04-25 10:42:55,747 - data.collectors.market_data - INFO - Waiting 5 seconds before retry...
2025-04-25 10:43:00,762 - data.collectors.market_data - INFO - Attempt 2: Fetching data for AVAX/USDT (1h)
2025-04-25 10:43:12,785 - data.collectors.market_data - WARNING - Attempt 2 failed: binance GET https://api.binance.com/api/v3/exchangeInfo
2025-04-25 10:43:12,786 - data.collectors.market_data - INFO - Waiting 10 seconds before retry...
2025-04-25 10:43:22,800 - data.collectors.market_data - INFO - Attempt 3: Fetching data for AVAX/USDT (1h)
2025-04-25 10:43:25,978 - data.collectors.market_data - WARNING - Attempt 3 failed: binance GET https://api.binance.com/api/v3/exchangeInfo
2025-04-25 10:43:25,979 - data.collectors.market_data - ERROR - All attempts failed for AVAX/USDT (1h): binance GET https://api.binance.com/api/v3/exchangeInfo
2025-04-25 10:43:25,979 - data.collectors.market_data - WARNING - Using synthetic data for AVAX/USDT (1h)
2025-04-25 10:43:25,984 - data.collectors.market_data - INFO - Loaded 501 candles for AVAX/USDT (1h)
2025-04-25 10:43:25,984 - data.collectors.market_data - INFO - Loading data for AVAX/USDT (4h)
2025-04-25 10:43:25,990 - data.collectors.market_data - INFO - Attempt 1: Fetching data for AVAX/USDT (4h)
2025-04-25 10:43:38,010 - data.collectors.market_data - WARNING - Attempt 1 failed: binance GET https://api.binance.com/api/v3/exchangeInfo
2025-04-25 10:43:38,010 - data.collectors.market_data - INFO - Waiting 5 seconds before retry...
2025-04-25 10:43:43,020 - data.collectors.market_data - INFO - Attempt 2: Fetching data for AVAX/USDT (4h)
2025-04-25 10:44:13,055 - data.collectors.market_data - WARNING - Attempt 2 failed: binance GET https://api.binance.com/api/v3/exchangeInfo
2025-04-25 10:44:13,055 - data.collectors.market_data - INFO - Waiting 10 seconds before retry...
2025-04-25 10:44:23,074 - data.collectors.market_data - INFO - Attempt 3: Fetching data for AVAX/USDT (4h)
2025-04-25 10:44:35,110 - data.collectors.market_data - WARNING - Attempt 3 failed: binance GET https://api.binance.com/api/v3/exchangeInfo
2025-04-25 10:44:35,110 - data.collectors.market_data - ERROR - All attempts failed for AVAX/USDT (4h): binance GET https://api.binance.com/api/v3/exchangeInfo
2025-04-25 10:44:35,110 - data.collectors.market_data - WARNING - Using synthetic data for AVAX/USDT (4h)
2025-04-25 10:44:35,113 - data.collectors.market_data - INFO - Loaded 501 candles for AVAX/USDT (4h)
2025-04-25 10:44:35,114 - data.collectors.market_data - INFO - Loading data for AVAX/USDT (1d)
2025-04-25 10:44:35,119 - data.collectors.market_data - INFO - Attempt 1: Fetching data for AVAX/USDT (1d)
2025-04-25 10:44:47,132 - data.collectors.market_data - WARNING - Attempt 1 failed: binance GET https://api.binance.com/api/v3/exchangeInfo
2025-04-25 10:44:47,132 - data.collectors.market_data - INFO - Waiting 5 seconds before retry...
2025-04-25 10:44:52,148 - data.collectors.market_data - INFO - Attempt 2: Fetching data for AVAX/USDT (1d)
2025-04-25 10:45:22,212 - data.collectors.market_data - WARNING - Attempt 2 failed: binance GET https://api.binance.com/api/v3/exchangeInfo
2025-04-25 10:45:22,212 - data.collectors.market_data - INFO - Waiting 10 seconds before retry...
2025-04-25 10:45:32,230 - data.collectors.market_data - INFO - Attempt 3: Fetching data for AVAX/USDT (1d)
2025-04-25 10:45:53,026 - data.collectors.market_data - WARNING - Attempt 3 failed: binance GET https://api.binance.com/api/v3/exchangeInfo
2025-04-25 10:45:53,026 - data.collectors.market_data - ERROR - All attempts failed for AVAX/USDT (1d): binance GET https://api.binance.com/api/v3/exchangeInfo
2025-04-25 10:45:53,026 - data.collectors.market_data - WARNING - Using synthetic data for AVAX/USDT (1d)
2025-04-25 10:45:53,030 - data.collectors.market_data - INFO - Loaded 501 candles for AVAX/USDT (1d)
2025-04-25 10:45:53,033 - backtesting.backtester - INFO - Found 31 trading dates in the backtest period
2025-04-25 10:45:53,113 - backtesting.backtester - INFO - Backtest progress: 1/31 days processed
2025-04-25 10:45:53,113 - backtesting.backtester - INFO - Current date: 2025-03-26, Portfolio value: $100.00
2025-04-25 10:45:53,296 - execution.portfolio_manager - INFO - BUY 0.000291 BTC/USDT @ $34364.90 = $10.00
2025-04-25 10:45:53,296 - execution.portfolio_manager - INFO - SELL 0.000291 BTC/USDT @ $31003.67 = $9.02
2025-04-25 10:45:53,296 - execution.portfolio_manager - INFO - BUY 0.004365 ETH/USDT @ $2290.99 = $10.00
2025-04-25 10:45:53,296 - execution.portfolio_manager - INFO - SELL 0.004365 ETH/USDT @ $2066.91 = $9.02
2025-04-25 10:45:53,296 - execution.portfolio_manager - INFO - BUY 0.087298 SOL/USDT @ $114.55 = $10.00
2025-04-25 10:45:53,296 - execution.portfolio_manager - INFO - SELL 0.087298 SOL/USDT @ $103.35 = $9.02
2025-04-25 10:45:53,296 - execution.portfolio_manager - INFO - BUY 0.087298 BNB/USDT @ $114.55 = $10.00
2025-04-25 10:45:53,296 - execution.portfolio_manager - INFO - SELL 0.087298 BNB/USDT @ $103.35 = $9.02
2025-04-25 10:45:53,296 - execution.portfolio_manager - INFO - BUY 0.087298 AVAX/USDT @ $114.55 = $10.00
2025-04-25 10:45:53,296 - execution.portfolio_manager - INFO - SELL 0.087298 AVAX/USDT @ $103.35 = $9.02
2025-04-25 10:45:53,382 - execution.portfolio_manager - INFO - BUY 0.000295 BTC/USDT @ $33898.80 = $10.00
2025-04-25 10:45:53,382 - execution.portfolio_manager - INFO - SELL 0.000295 BTC/USDT @ $30078.24 = $8.87
2025-04-25 10:45:53,382 - execution.portfolio_manager - INFO - BUY 0.004425 ETH/USDT @ $2259.92 = $10.00
2025-04-25 10:45:53,382 - execution.portfolio_manager - INFO - SELL 0.004425 ETH/USDT @ $2005.22 = $8.87
2025-04-25 10:45:53,382 - execution.portfolio_manager - INFO - BUY 0.088499 SOL/USDT @ $113.00 = $10.00
2025-04-25 10:45:53,382 - execution.portfolio_manager - INFO - SELL 0.088499 SOL/USDT @ $100.26 = $8.87
2025-04-25 10:45:53,382 - execution.portfolio_manager - INFO - BUY 0.088499 BNB/USDT @ $113.00 = $10.00
2025-04-25 10:45:53,382 - execution.portfolio_manager - INFO - SELL 0.088499 BNB/USDT @ $100.26 = $8.87
2025-04-25 10:45:53,382 - execution.portfolio_manager - INFO - BUY 0.088499 AVAX/USDT @ $113.00 = $10.00
2025-04-25 10:45:53,382 - execution.portfolio_manager - INFO - SELL 0.088499 AVAX/USDT @ $100.26 = $8.87
2025-04-25 10:45:53,464 - execution.portfolio_manager - INFO - BUY 0.000306 BTC/USDT @ $32650.35 = $10.00
2025-04-25 10:45:53,464 - execution.portfolio_manager - INFO - SELL 0.000306 BTC/USDT @ $30911.84 = $9.47
2025-04-25 10:45:53,464 - execution.portfolio_manager - INFO - BUY 0.004594 ETH/USDT @ $2176.69 = $10.00
2025-04-25 10:45:53,464 - execution.portfolio_manager - INFO - SELL 0.004594 ETH/USDT @ $2060.79 = $9.47
2025-04-25 10:45:53,464 - execution.portfolio_manager - INFO - BUY 0.091883 SOL/USDT @ $108.83 = $10.00
2025-04-25 10:45:53,464 - execution.portfolio_manager - INFO - SELL 0.091883 SOL/USDT @ $103.04 = $9.47
2025-04-25 10:45:53,464 - execution.portfolio_manager - INFO - BUY 0.091883 BNB/USDT @ $108.83 = $10.00
2025-04-25 10:45:53,464 - execution.portfolio_manager - INFO - SELL 0.091883 BNB/USDT @ $103.04 = $9.47
2025-04-25 10:45:53,464 - execution.portfolio_manager - INFO - BUY 0.091883 AVAX/USDT @ $108.83 = $10.00
2025-04-25 10:45:53,464 - execution.portfolio_manager - INFO - SELL 0.091883 AVAX/USDT @ $103.04 = $9.47
2025-04-25 10:45:53,857 - execution.portfolio_manager - INFO - BUY 0.000312 BTC/USDT @ $32055.18 = $10.00
2025-04-25 10:45:53,857 - execution.portfolio_manager - INFO - SELL 0.000312 BTC/USDT @ $34411.53 = $10.74
2025-04-25 10:45:53,857 - execution.portfolio_manager - INFO - BUY 0.004679 ETH/USDT @ $2137.01 = $10.00
2025-04-25 10:45:53,857 - execution.portfolio_manager - INFO - SELL 0.004679 ETH/USDT @ $2294.10 = $10.74
2025-04-25 10:45:53,857 - execution.portfolio_manager - INFO - BUY 0.093589 SOL/USDT @ $106.85 = $10.00
2025-04-25 10:45:53,857 - execution.portfolio_manager - INFO - SELL 0.093589 SOL/USDT @ $114.71 = $10.74
2025-04-25 10:45:53,857 - execution.portfolio_manager - INFO - BUY 0.093589 BNB/USDT @ $106.85 = $10.00
2025-04-25 10:45:53,857 - execution.portfolio_manager - INFO - SELL 0.093589 BNB/USDT @ $114.71 = $10.74
2025-04-25 10:45:53,858 - execution.portfolio_manager - INFO - BUY 0.093589 AVAX/USDT @ $106.85 = $10.00
2025-04-25 10:45:53,858 - execution.portfolio_manager - INFO - SELL 0.093589 AVAX/USDT @ $114.71 = $10.74
2025-04-25 10:45:54,084 - execution.portfolio_manager - INFO - BUY 0.000299 BTC/USDT @ $33460.04 = $10.00
2025-04-25 10:45:54,084 - execution.portfolio_manager - INFO - SELL 0.000299 BTC/USDT @ $35100.84 = $10.49
2025-04-25 10:45:54,084 - execution.portfolio_manager - INFO - BUY 0.004483 ETH/USDT @ $2230.67 = $10.00
2025-04-25 10:45:54,084 - execution.portfolio_manager - INFO - SELL 0.004483 ETH/USDT @ $2340.06 = $10.49
2025-04-25 10:45:54,084 - execution.portfolio_manager - INFO - BUY 0.089659 SOL/USDT @ $111.53 = $10.00
2025-04-25 10:45:54,084 - execution.portfolio_manager - INFO - SELL 0.089659 SOL/USDT @ $117.00 = $10.49
2025-04-25 10:45:54,085 - execution.portfolio_manager - INFO - BUY 0.089659 BNB/USDT @ $111.53 = $10.00
2025-04-25 10:45:54,085 - execution.portfolio_manager - INFO - SELL 0.089659 BNB/USDT @ $117.00 = $10.49
2025-04-25 10:45:54,085 - execution.portfolio_manager - INFO - BUY 0.089659 AVAX/USDT @ $111.53 = $10.00
2025-04-25 10:45:54,085 - execution.portfolio_manager - INFO - SELL 0.089659 AVAX/USDT @ $117.00 = $10.49
2025-04-25 10:45:54,197 - execution.portfolio_manager - INFO - BUY 0.000287 BTC/USDT @ $34813.53 = $10.00
2025-04-25 10:45:54,197 - execution.portfolio_manager - INFO - BUY 0.004309 ETH/USDT @ $2320.90 = $10.00
2025-04-25 10:45:54,197 - execution.portfolio_manager - INFO - BUY 0.086173 SOL/USDT @ $116.05 = $10.00
2025-04-25 10:45:54,197 - execution.portfolio_manager - INFO - BUY 0.086173 BNB/USDT @ $116.05 = $10.00
2025-04-25 10:45:54,197 - execution.portfolio_manager - INFO - BUY 0.086173 AVAX/USDT @ $116.05 = $10.00
2025-04-25 10:45:54,681 - execution.portfolio_manager - INFO - SELL 0.000287 BTC/USDT @ $33693.87 = $9.68
2025-04-25 10:45:54,681 - execution.portfolio_manager - INFO - SELL 0.004309 ETH/USDT @ $2246.26 = $9.68
2025-04-25 10:45:54,681 - execution.portfolio_manager - INFO - SELL 0.086173 SOL/USDT @ $112.31 = $9.68
2025-04-25 10:45:54,681 - execution.portfolio_manager - INFO - SELL 0.086173 BNB/USDT @ $112.31 = $9.68
2025-04-25 10:45:54,681 - execution.portfolio_manager - INFO - SELL 0.086173 AVAX/USDT @ $112.31 = $9.68
2025-04-25 10:45:54,801 - execution.portfolio_manager - INFO - BUY 0.000282 BTC/USDT @ $35419.59 = $10.00
2025-04-25 10:45:54,801 - execution.portfolio_manager - INFO - SELL 0.000282 BTC/USDT @ $31644.07 = $8.93
2025-04-25 10:45:54,801 - execution.portfolio_manager - INFO - BUY 0.004235 ETH/USDT @ $2361.31 = $10.00
2025-04-25 10:45:54,801 - execution.portfolio_manager - INFO - SELL 0.004235 ETH/USDT @ $2109.60 = $8.93
2025-04-25 10:45:54,801 - execution.portfolio_manager - INFO - BUY 0.084699 SOL/USDT @ $118.07 = $10.00
2025-04-25 10:45:54,801 - execution.portfolio_manager - INFO - SELL 0.084699 SOL/USDT @ $105.48 = $8.93
2025-04-25 10:45:54,801 - execution.portfolio_manager - INFO - BUY 0.084699 BNB/USDT @ $118.07 = $10.00
2025-04-25 10:45:54,801 - execution.portfolio_manager - INFO - SELL 0.084699 BNB/USDT @ $105.48 = $8.93
2025-04-25 10:45:54,802 - execution.portfolio_manager - INFO - BUY 0.084699 AVAX/USDT @ $118.07 = $10.00
2025-04-25 10:45:54,802 - execution.portfolio_manager - INFO - SELL 0.084699 AVAX/USDT @ $105.48 = $8.93
2025-04-25 10:45:55,032 - execution.portfolio_manager - INFO - BUY 0.000330 BTC/USDT @ $30278.91 = $10.00
2025-04-25 10:45:55,032 - execution.portfolio_manager - INFO - SELL 0.000330 BTC/USDT @ $32029.67 = $10.58
2025-04-25 10:45:55,032 - execution.portfolio_manager - INFO - BUY 0.004954 ETH/USDT @ $2018.59 = $10.00
2025-04-25 10:45:55,032 - execution.portfolio_manager - INFO - SELL 0.004954 ETH/USDT @ $2135.31 = $10.58
2025-04-25 10:45:55,032 - execution.portfolio_manager - INFO - BUY 0.099079 SOL/USDT @ $100.93 = $10.00
2025-04-25 10:45:55,032 - execution.portfolio_manager - INFO - SELL 0.099079 SOL/USDT @ $106.77 = $10.58
2025-04-25 10:45:55,032 - execution.portfolio_manager - INFO - BUY 0.099079 BNB/USDT @ $100.93 = $10.00
2025-04-25 10:45:55,032 - execution.portfolio_manager - INFO - SELL 0.099079 BNB/USDT @ $106.77 = $10.58
2025-04-25 10:45:55,032 - execution.portfolio_manager - INFO - BUY 0.099079 AVAX/USDT @ $100.93 = $10.00
2025-04-25 10:45:55,033 - execution.portfolio_manager - INFO - SELL 0.099079 AVAX/USDT @ $106.77 = $10.58
2025-04-25 10:45:55,146 - execution.portfolio_manager - INFO - BUY 0.000257 BTC/USDT @ $38851.54 = $10.00
2025-04-25 10:45:55,146 - execution.portfolio_manager - INFO - SELL 0.000257 BTC/USDT @ $32599.46 = $8.39
2025-04-25 10:45:55,146 - execution.portfolio_manager - INFO - BUY 0.003861 ETH/USDT @ $2590.10 = $10.00
2025-04-25 10:45:55,146 - execution.portfolio_manager - INFO - SELL 0.003861 ETH/USDT @ $2173.30 = $8.39
2025-04-25 10:45:55,147 - execution.portfolio_manager - INFO - BUY 0.077217 SOL/USDT @ $129.51 = $10.00
2025-04-25 10:45:55,147 - execution.portfolio_manager - INFO - SELL 0.077217 SOL/USDT @ $108.66 = $8.39
2025-04-25 10:45:55,147 - execution.portfolio_manager - INFO - BUY 0.077217 BNB/USDT @ $129.51 = $10.00
2025-04-25 10:45:55,147 - execution.portfolio_manager - INFO - SELL 0.077217 BNB/USDT @ $108.66 = $8.39
2025-04-25 10:45:55,147 - execution.portfolio_manager - INFO - BUY 0.077217 AVAX/USDT @ $129.51 = $10.00
2025-04-25 10:45:55,147 - execution.portfolio_manager - INFO - SELL 0.077217 AVAX/USDT @ $108.66 = $8.39
2025-04-25 10:45:55,147 - backtesting.backtester - INFO - Backtest progress: 21/31 days processed
2025-04-25 10:45:55,147 - backtesting.backtester - INFO - Current date: 2025-04-15, Portfolio value: $80.85
2025-04-25 10:45:55,270 - execution.portfolio_manager - INFO - BUY 0.000276 BTC/USDT @ $36178.51 = $10.00
2025-04-25 10:45:55,270 - execution.portfolio_manager - INFO - SELL 0.000276 BTC/USDT @ $32594.26 = $9.01
2025-04-25 10:45:55,270 - execution.portfolio_manager - INFO - BUY 0.004146 ETH/USDT @ $2411.90 = $10.00
2025-04-25 10:45:55,270 - execution.portfolio_manager - INFO - SELL 0.004146 ETH/USDT @ $2172.95 = $9.01
2025-04-25 10:45:55,270 - execution.portfolio_manager - INFO - BUY 0.082922 SOL/USDT @ $120.60 = $10.00
2025-04-25 10:45:55,270 - execution.portfolio_manager - INFO - SELL 0.082922 SOL/USDT @ $108.65 = $9.01
2025-04-25 10:45:55,270 - execution.portfolio_manager - INFO - BUY 0.082922 BNB/USDT @ $120.60 = $10.00
2025-04-25 10:45:55,270 - execution.portfolio_manager - INFO - SELL 0.082922 BNB/USDT @ $108.65 = $9.01
2025-04-25 10:45:55,270 - execution.portfolio_manager - INFO - BUY 0.082922 AVAX/USDT @ $120.60 = $10.00
2025-04-25 10:45:55,270 - execution.portfolio_manager - INFO - SELL 0.082922 AVAX/USDT @ $108.65 = $9.01
2025-04-25 10:45:55,613 - execution.portfolio_manager - INFO - BUY 0.000309 BTC/USDT @ $32324.85 = $10.00
2025-04-25 10:45:55,613 - execution.portfolio_manager - INFO - SELL 0.000309 BTC/USDT @ $33006.98 = $10.21
2025-04-25 10:45:55,613 - execution.portfolio_manager - INFO - BUY 0.004640 ETH/USDT @ $2154.99 = $10.00
2025-04-25 10:45:55,613 - execution.portfolio_manager - INFO - SELL 0.004640 ETH/USDT @ $2200.47 = $10.21
2025-04-25 10:45:55,613 - execution.portfolio_manager - INFO - BUY 0.092808 SOL/USDT @ $107.75 = $10.00
2025-04-25 10:45:55,614 - execution.portfolio_manager - INFO - SELL 0.092808 SOL/USDT @ $110.02 = $10.21
2025-04-25 10:45:55,614 - execution.portfolio_manager - INFO - BUY 0.092808 BNB/USDT @ $107.75 = $10.00
2025-04-25 10:45:55,614 - execution.portfolio_manager - INFO - SELL 0.092808 BNB/USDT @ $110.02 = $10.21
2025-04-25 10:45:55,614 - execution.portfolio_manager - INFO - BUY 0.092808 AVAX/USDT @ $107.75 = $10.00
2025-04-25 10:45:55,614 - execution.portfolio_manager - INFO - SELL 0.092808 AVAX/USDT @ $110.02 = $10.21
2025-04-25 10:45:55,737 - execution.portfolio_manager - INFO - BUY 0.000315 BTC/USDT @ $31721.95 = $10.00
2025-04-25 10:45:55,737 - execution.portfolio_manager - INFO - SELL 0.000315 BTC/USDT @ $33373.81 = $10.52
2025-04-25 10:45:55,737 - execution.portfolio_manager - INFO - BUY 0.000293 BTC/USDT @ $34073.47 = $10.00
2025-04-25 10:45:55,737 - execution.portfolio_manager - INFO - BUY 0.004729 ETH/USDT @ $2114.80 = $10.00
2025-04-25 10:45:55,737 - execution.portfolio_manager - INFO - SELL 0.004729 ETH/USDT @ $2224.92 = $10.52
2025-04-25 10:45:55,737 - execution.portfolio_manager - INFO - BUY 0.004402 ETH/USDT @ $2271.56 = $10.00
2025-04-25 10:45:55,737 - execution.portfolio_manager - INFO - BUY 0.094572 SOL/USDT @ $105.74 = $10.00
2025-04-25 10:45:55,737 - execution.portfolio_manager - INFO - SELL 0.094572 SOL/USDT @ $111.25 = $10.52
2025-04-25 10:45:55,737 - execution.portfolio_manager - INFO - BUY 0.088045 SOL/USDT @ $113.58 = $10.00
2025-04-25 10:45:55,738 - execution.portfolio_manager - INFO - BUY 0.094572 BNB/USDT @ $105.74 = $10.00
2025-04-25 10:45:55,738 - execution.portfolio_manager - INFO - SELL 0.094572 BNB/USDT @ $111.25 = $10.52
2025-04-25 10:45:55,738 - execution.portfolio_manager - INFO - BUY 0.088045 BNB/USDT @ $113.58 = $10.00
2025-04-25 10:45:55,738 - execution.portfolio_manager - INFO - BUY 0.094572 AVAX/USDT @ $105.74 = $10.00
2025-04-25 10:45:55,738 - execution.portfolio_manager - INFO - SELL 0.094572 AVAX/USDT @ $111.25 = $10.52
2025-04-25 10:45:55,738 - execution.portfolio_manager - INFO - BUY 0.088045 AVAX/USDT @ $113.58 = $10.00
2025-04-25 10:45:55,860 - execution.portfolio_manager - INFO - SELL 0.000293 BTC/USDT @ $30911.84 = $9.07
2025-04-25 10:45:55,860 - execution.portfolio_manager - INFO - BUY 0.000290 BTC/USDT @ $34442.71 = $10.00
2025-04-25 10:45:55,860 - execution.portfolio_manager - INFO - SELL 0.004402 ETH/USDT @ $2060.79 = $9.07
2025-04-25 10:45:55,860 - execution.portfolio_manager - INFO - BUY 0.004355 ETH/USDT @ $2296.18 = $10.00
2025-04-25 10:45:55,860 - execution.portfolio_manager - INFO - SELL 0.088045 SOL/USDT @ $103.04 = $9.07
2025-04-25 10:45:55,860 - execution.portfolio_manager - INFO - BUY 0.087101 SOL/USDT @ $114.81 = $10.00
2025-04-25 10:45:55,860 - execution.portfolio_manager - INFO - SELL 0.088045 BNB/USDT @ $103.04 = $9.07
2025-04-25 10:45:55,861 - execution.portfolio_manager - INFO - BUY 0.087101 BNB/USDT @ $114.81 = $10.00
2025-04-25 10:45:55,861 - execution.portfolio_manager - INFO - SELL 0.088045 AVAX/USDT @ $103.04 = $9.07
2025-04-25 10:45:55,861 - execution.portfolio_manager - INFO - BUY 0.087101 AVAX/USDT @ $114.81 = $10.00
2025-04-25 10:45:55,983 - execution.portfolio_manager - INFO - SELL 0.000290 BTC/USDT @ $34547.28 = $10.03
2025-04-25 10:45:55,983 - execution.portfolio_manager - INFO - BUY 0.000296 BTC/USDT @ $33735.56 = $10.00
2025-04-25 10:45:55,983 - execution.portfolio_manager - INFO - SELL 0.004355 ETH/USDT @ $2303.15 = $10.03
2025-04-25 10:45:55,983 - execution.portfolio_manager - INFO - BUY 0.004446 ETH/USDT @ $2249.04 = $10.00
2025-04-25 10:45:55,983 - execution.portfolio_manager - INFO - SELL 0.087101 SOL/USDT @ $115.16 = $10.03
2025-04-25 10:45:55,983 - execution.portfolio_manager - INFO - BUY 0.088927 SOL/USDT @ $112.45 = $10.00
2025-04-25 10:45:55,984 - execution.portfolio_manager - INFO - SELL 0.087101 BNB/USDT @ $115.16 = $10.03
2025-04-25 10:45:55,984 - execution.portfolio_manager - INFO - BUY 0.088927 BNB/USDT @ $112.45 = $10.00
2025-04-25 10:45:55,984 - execution.portfolio_manager - INFO - SELL 0.087101 AVAX/USDT @ $115.16 = $10.03
2025-04-25 10:45:55,984 - execution.portfolio_manager - INFO - BUY 0.088927 AVAX/USDT @ $112.45 = $10.00
2025-04-25 10:45:56,097 - execution.portfolio_manager - INFO - SELL 0.000296 BTC/USDT @ $32055.94 = $9.50
2025-04-25 10:45:56,097 - execution.portfolio_manager - INFO - BUY 0.000298 BTC/USDT @ $33607.38 = $10.00
2025-04-25 10:45:56,097 - execution.portfolio_manager - INFO - SELL 0.004446 ETH/USDT @ $2137.06 = $9.50
2025-04-25 10:45:56,097 - execution.portfolio_manager - INFO - BUY 0.004463 ETH/USDT @ $2240.49 = $10.00
2025-04-25 10:45:56,097 - execution.portfolio_manager - INFO - SELL 0.088927 SOL/USDT @ $106.85 = $9.50
2025-04-25 10:45:56,098 - execution.portfolio_manager - INFO - BUY 0.089266 SOL/USDT @ $112.02 = $10.00
2025-04-25 10:45:56,098 - execution.portfolio_manager - INFO - SELL 0.088927 BNB/USDT @ $106.85 = $9.50
2025-04-25 10:45:56,098 - execution.portfolio_manager - INFO - BUY 0.089266 BNB/USDT @ $112.02 = $10.00
2025-04-25 10:45:56,098 - execution.portfolio_manager - INFO - SELL 0.088927 AVAX/USDT @ $106.85 = $9.50
2025-04-25 10:45:56,098 - execution.portfolio_manager - INFO - BUY 0.089266 AVAX/USDT @ $112.02 = $10.00
2025-04-25 10:45:56,215 - execution.portfolio_manager - INFO - SELL 0.000298 BTC/USDT @ $32470.70 = $9.66
2025-04-25 10:45:56,215 - execution.portfolio_manager - INFO - BUY 0.000303 BTC/USDT @ $33023.96 = $10.00
2025-04-25 10:45:56,215 - execution.portfolio_manager - INFO - SELL 0.004463 ETH/USDT @ $2164.71 = $9.66
2025-04-25 10:45:56,215 - execution.portfolio_manager - INFO - BUY 0.004542 ETH/USDT @ $2201.60 = $10.00
2025-04-25 10:45:56,215 - execution.portfolio_manager - INFO - SELL 0.089266 SOL/USDT @ $108.24 = $9.66
2025-04-25 10:45:56,215 - execution.portfolio_manager - INFO - BUY 0.090843 SOL/USDT @ $110.08 = $10.00
2025-04-25 10:45:56,215 - execution.portfolio_manager - INFO - SELL 0.089266 BNB/USDT @ $108.24 = $9.66
2025-04-25 10:45:56,216 - execution.portfolio_manager - INFO - BUY 0.090843 BNB/USDT @ $110.08 = $10.00
2025-04-25 10:45:56,216 - execution.portfolio_manager - INFO - SELL 0.089266 AVAX/USDT @ $108.24 = $9.66
2025-04-25 10:45:56,216 - execution.portfolio_manager - INFO - BUY 0.090843 AVAX/USDT @ $110.08 = $10.00
2025-04-25 10:45:56,331 - execution.portfolio_manager - INFO - SELL 0.000303 BTC/USDT @ $32599.46 = $9.87
2025-04-25 10:45:56,331 - execution.portfolio_manager - INFO - BUY 0.000298 BTC/USDT @ $33607.38 = $10.00
2025-04-25 10:45:56,331 - execution.portfolio_manager - INFO - SELL 0.004542 ETH/USDT @ $2173.30 = $9.87
2025-04-25 10:45:56,332 - execution.portfolio_manager - INFO - BUY 0.004463 ETH/USDT @ $2240.49 = $10.00
2025-04-25 10:45:56,332 - execution.portfolio_manager - INFO - SELL 0.090843 SOL/USDT @ $108.66 = $9.87
2025-04-25 10:45:56,332 - execution.portfolio_manager - INFO - BUY 0.089266 SOL/USDT @ $112.02 = $10.00
2025-04-25 10:45:56,332 - execution.portfolio_manager - INFO - SELL 0.090843 BNB/USDT @ $108.66 = $9.87
2025-04-25 10:45:56,332 - execution.portfolio_manager - INFO - BUY 0.089266 BNB/USDT @ $112.02 = $10.00
2025-04-25 10:45:56,332 - execution.portfolio_manager - INFO - SELL 0.090843 AVAX/USDT @ $108.66 = $9.87
2025-04-25 10:45:56,332 - execution.portfolio_manager - INFO - BUY 0.089266 AVAX/USDT @ $112.02 = $10.00
2025-04-25 10:45:56,332 - backtesting.backtester - INFO - Backtest progress: 31/31 days processed
2025-04-25 10:45:56,332 - backtesting.backtester - INFO - Current date: 2025-04-25, Portfolio value: $68.74
2025-04-25 10:45:56,335 - crypto_bot - INFO - 
Backtest Results:
2025-04-25 10:45:56,335 - crypto_bot - INFO - Initial Portfolio: $100.00
2025-04-25 10:45:56,335 - crypto_bot - INFO - Final Portfolio: $68.74
2025-04-25 10:45:56,335 - crypto_bot - INFO - Total Return: -31.26%
2025-04-25 10:45:56,335 - crypto_bot - INFO - Annual Return: -95.25%
2025-04-25 10:45:56,335 - crypto_bot - INFO - Volatility: 86.66%
2025-04-25 10:45:56,335 - crypto_bot - INFO - Sharpe Ratio: -1.12
2025-04-25 10:45:56,335 - crypto_bot - INFO - Maximum Drawdown: 31.26%
2025-04-25 10:45:56,335 - crypto_bot - INFO - Win Rate: 17.65%
2025-04-25 10:45:56,335 - crypto_bot - INFO - Total Trades: 175
